{"uuid": "32f89f81-5c67-4e8d-823b-3bba3450fee8", "children": ["6cfed0ec-3254-41b5-890d-bcafee6ba81d"], "befores": [{"name": "authorization_by_new_user", "status": "broken", "statusDetails": {"message": "selenium.common.exceptions.ElementClickInterceptedException: Message: element click intercepted: Element <p class=\"AppHeader_header__linkText__3q_va ml-2\">...</p> is not clickable at point (1500, 44). Other element would receive the click: <div class=\"Modal_modal_overlay__x2ZCr\"></div>\n  (Session info: chrome=131.0.6778.86)\nStacktrace:\n\tGetHandleVerifier [0x00007FF610992775+28773]\n\t(No symbol) [0x00007FF6108FAFB0]\n\t(No symbol) [0x00007FF61079552A]\n\t(No symbol) [0x00007FF6107F0B5E]\n\t(No symbol) [0x00007FF6107EE5FC]\n\t(No symbol) [0x00007FF6107EB7E6]\n\t(No symbol) [0x00007FF6107EA741]\n\t(No symbol) [0x00007FF6107DC970]\n\t(No symbol) [0x00007FF61080EF9A]\n\t(No symbol) [0x00007FF6107DC1C6]\n\t(No symbol) [0x00007FF61080F1B0]\n\t(No symbol) [0x00007FF61082F1A4]\n\t(No symbol) [0x00007FF61080ED43]\n\t(No symbol) [0x00007FF6107DA548]\n\t(No symbol) [0x00007FF6107DB6B1]\n\tGetHandleVerifier [0x00007FF610CBF45D+3358029]\n\tGetHandleVerifier [0x00007FF610CD430D+3443709]\n\tGetHandleVerifier [0x00007FF610CC83FD+3394797]\n\tGetHandleVerifier [0x00007FF610A5929B+842635]\n\t(No symbol) [0x00007FF61090654F]\n\t(No symbol) [0x00007FF610901FA4]\n\t(No symbol) [0x00007FF61090213D]\n\t(No symbol) [0x00007FF6108F1629]\n\tBaseThreadInitThunk [0x00007FFDB85C7374+20]\n\tRtlUserThreadStart [0x00007FFDB8E1CC91+33]\n\n", "trace": "  File \"C:\\pythton\\Lib\\site-packages\\pluggy\\_callers.py\", line 167, in _multicall\n    teardown.throw(outcome._exception)\n  File \"C:\\pythton\\Lib\\site-packages\\_pytest\\setuponly.py\", line 36, in pytest_fixture_setup\n    return (yield)\n            ^^^^^\n  File \"C:\\pythton\\Lib\\site-packages\\pluggy\\_callers.py\", line 103, in _multicall\n    res = hook_impl.function(*args)\n          ^^^^^^^^^^^^^^^^^^^^^^^^^\n  File \"C:\\pythton\\Lib\\site-packages\\_pytest\\fixtures.py\", line 1140, in pytest_fixture_setup\n    result = call_fixture_func(fixturefunc, request, kwargs)\n             ^^^^^^^^^^^^^^^^^^^^^^^^^^^^^^^^^^^^^^^^^^^^^^^\n  File \"C:\\pythton\\Lib\\site-packages\\_pytest\\fixtures.py\", line 898, in call_fixture_func\n    fixture_result = fixturefunc(**kwargs)\n                     ^^^^^^^^^^^^^^^^^^^^^\n  File \"C:\\Users\\nadezhda.salina\\Desktop\\Diplom_3\\conftest.py\", line 78, in authorization_by_new_user\n    main_page.press_personal_account_button()\n  File \"C:\\pythton\\Lib\\site-packages\\allure_commons\\_allure.py\", line 192, in impl\n    return func(*a, **kw)\n           ^^^^^^^^^^^^^^\n  File \"C:\\Users\\nadezhda.salina\\Desktop\\Diplom_3\\pages\\main_page.py\", line 19, in press_personal_account_button\n    self.click_on_element_with_wait(MainPageLocators.PERSONAL_ACCOUNT_BUTTON)\n  File \"C:\\pythton\\Lib\\site-packages\\allure_commons\\_allure.py\", line 192, in impl\n    return func(*a, **kw)\n           ^^^^^^^^^^^^^^\n  File \"C:\\Users\\nadezhda.salina\\Desktop\\Diplom_3\\pages\\base_page.py\", line 36, in click_on_element_with_wait\n    self.click_on_element(locator)\n  File \"C:\\pythton\\Lib\\site-packages\\allure_commons\\_allure.py\", line 192, in impl\n    return func(*a, **kw)\n           ^^^^^^^^^^^^^^\n  File \"C:\\Users\\nadezhda.salina\\Desktop\\Diplom_3\\pages\\base_page.py\", line 31, in click_on_element\n    element.click()\n  File \"C:\\pythton\\Lib\\site-packages\\selenium\\webdriver\\remote\\webelement.py\", line 94, in click\n    self._execute(Command.CLICK_ELEMENT)\n  File \"C:\\pythton\\Lib\\site-packages\\selenium\\webdriver\\remote\\webelement.py\", line 395, in _execute\n    return self._parent.execute(command, params)\n           ^^^^^^^^^^^^^^^^^^^^^^^^^^^^^^^^^^^^^\n  File \"C:\\pythton\\Lib\\site-packages\\selenium\\webdriver\\remote\\webdriver.py\", line 354, in execute\n    self.error_handler.check_response(response)\n  File \"C:\\pythton\\Lib\\site-packages\\selenium\\webdriver\\remote\\errorhandler.py\", line 229, in check_response\n    raise exception_class(message, screen, stacktrace)\n"}, "steps": [{"name": "Main page loading wait", "status": "passed", "steps": [{"name": "Wait until element become invisible", "status": "passed", "parameters": [{"name": "locator", "value": "('xpath', \".//div[contains(@class, 'Modal_modal_overlay__x2ZCr')]/parent::div\")"}], "start": 1732851444668, "stop": 1732851444729}], "start": 1732851444668, "stop": 1732851444729}, {"name": "Press \"Personal account\" button", "status": "passed", "steps": [{"name": "Main page loading wait", "status": "passed", "steps": [{"name": "Wait until element become invisible", "status": "passed", "parameters": [{"name": "locator", "value": "('xpath', \".//div[contains(@class, 'Modal_modal_overlay__x2ZCr')]/parent::div\")"}], "start": 1732851444729, "stop": 1732851444750}], "start": 1732851444729, "stop": 1732851444750}, {"name": "Click on element with waiting", "status": "passed", "steps": [{"name": "Click on element", "status": "passed", "steps": [{"name": "Finding element on page with waiting", "status": "passed", "parameters": [{"name": "locator", "value": "('xpath', \".//p[text()='Личный Кабинет']\")"}], "start": 1732851444776, "stop": 1732851444793}], "parameters": [{"name": "locator", "value": "('xpath', \".//p[text()='Личный Кабинет']\")"}], "start": 1732851444776, "stop": 1732851444859}], "parameters": [{"name": "locator", "value": "('xpath', \".//p[text()='Личный Кабинет']\")"}], "start": 1732851444750, "stop": 1732851444859}], "start": 1732851444729, "stop": 1732851444859}, {"name": "Wait Login page loaded", "status": "passed", "steps": [{"name": "Wait until element become invisible", "status": "passed", "parameters": [{"name": "locator", "value": "('xpath', \".//div[contains(@class, 'Modal_modal_overlay__x2ZCr')]/parent::div\")"}], "start": 1732851444859, "stop": 1732851444893}, {"name": "Wait visibility of element", "status": "passed", "parameters": [{"name": "locator", "value": "('xpath', \".//button[text() = 'Войти']\")"}], "start": 1732851444893, "stop": 1732851444913}], "start": 1732851444859, "stop": 1732851444914}, {"name": "Fill authorization fields", "status": "passed", "steps": [{"name": "Set email", "status": "passed", "steps": [{"name": "Set text to import field", "status": "passed", "steps": [{"name": "Finding element on page with waiting", "status": "passed", "parameters": [{"name": "locator", "value": "('xpath', \".//label[text() = 'Email']/following-sibling::input\")"}], "start": 1732851444914, "stop": 1732851444938}], "parameters": [{"name": "locator", "value": "('xpath', \".//label[text() = 'Email']/following-sibling::input\")"}, {"name": "text", "value": "'test1488amandamorris@example.org'"}], "start": 1732851444914, "stop": 1732851445071}], "parameters": [{"name": "email", "value": "'test1488amandamorris@example.org'"}], "start": 1732851444914, "stop": 1732851445071}, {"name": "Set password", "status": "passed", "steps": [{"name": "Set text to import field", "status": "passed", "steps": [{"name": "Finding element on page with waiting", "status": "passed", "parameters": [{"name": "locator", "value": "('xpath', \".//input[@name = 'Пароль']\")"}], "start": 1732851445071, "stop": 1732851445094}], "parameters": [{"name": "locator", "value": "('xpath', \".//input[@name = 'Пароль']\")"}, {"name": "text", "value": "'3$0NRso9Ad'"}], "start": 1732851445071, "stop": 1732851445150}], "parameters": [{"name": "password", "value": "'3$0NRso9Ad'"}], "start": 1732851445071, "stop": 1732851445150}, {"name": "Wait Login page loaded", "status": "passed", "steps": [{"name": "Wait until element become invisible", "status": "passed", "parameters": [{"name": "locator", "value": "('xpath', \".//div[contains(@class, 'Modal_modal_overlay__x2ZCr')]/parent::div\")"}], "start": 1732851445150, "stop": 1732851445167}, {"name": "Wait visibility of element", "status": "passed", "parameters": [{"name": "locator", "value": "('xpath', \".//button[text() = 'Войти']\")"}], "start": 1732851445167, "stop": 1732851445176}], "start": 1732851445150, "stop": 1732851445176}, {"name": "Click on element with waiting", "status": "passed", "steps": [{"name": "Click on element", "status": "passed", "steps": [{"name": "Finding element on page with waiting", "status": "passed", "parameters": [{"name": "locator", "value": "('xpath', \".//button[text() = 'Войти']\")"}], "start": 1732851445192, "stop": 1732851445209}], "parameters": [{"name": "locator", "value": "('xpath', \".//button[text() = 'Войти']\")"}], "start": 1732851445192, "stop": 1732851445257}], "parameters": [{"name": "locator", "value": "('xpath', \".//button[text() = 'Войти']\")"}], "start": 1732851445176, "stop": 1732851445257}], "parameters": [{"name": "email", "value": "'test1488amandamorris@example.org'"}, {"name": "password", "value": "'3$0NRso9Ad'"}], "start": 1732851444914, "stop": 1732851445257}, {"name": "Press \"Personal account\" button", "status": "broken", "statusDetails": {"message": "selenium.common.exceptions.ElementClickInterceptedException: Message: element click intercepted: Element <p class=\"AppHeader_header__linkText__3q_va ml-2\">...</p> is not clickable at point (1500, 44). Other element would receive the click: <div class=\"Modal_modal_overlay__x2ZCr\"></div>\n  (Session info: chrome=131.0.6778.86)\nStacktrace:\n\tGetHandleVerifier [0x00007FF610992775+28773]\n\t(No symbol) [0x00007FF6108FAFB0]\n\t(No symbol) [0x00007FF61079552A]\n\t(No symbol) [0x00007FF6107F0B5E]\n\t(No symbol) [0x00007FF6107EE5FC]\n\t(No symbol) [0x00007FF6107EB7E6]\n\t(No symbol) [0x00007FF6107EA741]\n\t(No symbol) [0x00007FF6107DC970]\n\t(No symbol) [0x00007FF61080EF9A]\n\t(No symbol) [0x00007FF6107DC1C6]\n\t(No symbol) [0x00007FF61080F1B0]\n\t(No symbol) [0x00007FF61082F1A4]\n\t(No symbol) [0x00007FF61080ED43]\n\t(No symbol) [0x00007FF6107DA548]\n\t(No symbol) [0x00007FF6107DB6B1]\n\tGetHandleVerifier [0x00007FF610CBF45D+3358029]\n\tGetHandleVerifier [0x00007FF610CD430D+3443709]\n\tGetHandleVerifier [0x00007FF610CC83FD+3394797]\n\tGetHandleVerifier [0x00007FF610A5929B+842635]\n\t(No symbol) [0x00007FF61090654F]\n\t(No symbol) [0x00007FF610901FA4]\n\t(No symbol) [0x00007FF61090213D]\n\t(No symbol) [0x00007FF6108F1629]\n\tBaseThreadInitThunk [0x00007FFDB85C7374+20]\n\tRtlUserThreadStart [0x00007FFDB8E1CC91+33]\n\n", "trace": "  File \"C:\\pythton\\Lib\\site-packages\\allure_commons\\_allure.py\", line 192, in impl\n    return func(*a, **kw)\n           ^^^^^^^^^^^^^^\n  File \"C:\\Users\\nadezhda.salina\\Desktop\\Diplom_3\\pages\\main_page.py\", line 19, in press_personal_account_button\n    self.click_on_element_with_wait(MainPageLocators.PERSONAL_ACCOUNT_BUTTON)\n  File \"C:\\pythton\\Lib\\site-packages\\allure_commons\\_allure.py\", line 192, in impl\n    return func(*a, **kw)\n           ^^^^^^^^^^^^^^\n  File \"C:\\Users\\nadezhda.salina\\Desktop\\Diplom_3\\pages\\base_page.py\", line 36, in click_on_element_with_wait\n    self.click_on_element(locator)\n  File \"C:\\pythton\\Lib\\site-packages\\allure_commons\\_allure.py\", line 192, in impl\n    return func(*a, **kw)\n           ^^^^^^^^^^^^^^\n  File \"C:\\Users\\nadezhda.salina\\Desktop\\Diplom_3\\pages\\base_page.py\", line 31, in click_on_element\n    element.click()\n  File \"C:\\pythton\\Lib\\site-packages\\selenium\\webdriver\\remote\\webelement.py\", line 94, in click\n    self._execute(Command.CLICK_ELEMENT)\n  File \"C:\\pythton\\Lib\\site-packages\\selenium\\webdriver\\remote\\webelement.py\", line 395, in _execute\n    return self._parent.execute(command, params)\n           ^^^^^^^^^^^^^^^^^^^^^^^^^^^^^^^^^^^^^\n  File \"C:\\pythton\\Lib\\site-packages\\selenium\\webdriver\\remote\\webdriver.py\", line 354, in execute\n    self.error_handler.check_response(response)\n  File \"C:\\pythton\\Lib\\site-packages\\selenium\\webdriver\\remote\\errorhandler.py\", line 229, in check_response\n    raise exception_class(message, screen, stacktrace)\n"}, "steps": [{"name": "Main page loading wait", "status": "passed", "steps": [{"name": "Wait until element become invisible", "status": "passed", "parameters": [{"name": "locator", "value": "('xpath', \".//div[contains(@class, 'Modal_modal_overlay__x2ZCr')]/parent::div\")"}], "start": 1732851445257, "stop": 1732851445274}], "start": 1732851445257, "stop": 1732851445274}, {"name": "Click on element with waiting", "status": "broken", "statusDetails": {"message": "selenium.common.exceptions.ElementClickInterceptedException: Message: element click intercepted: Element <p class=\"AppHeader_header__linkText__3q_va ml-2\">...</p> is not clickable at point (1500, 44). Other element would receive the click: <div class=\"Modal_modal_overlay__x2ZCr\"></div>\n  (Session info: chrome=131.0.6778.86)\nStacktrace:\n\tGetHandleVerifier [0x00007FF610992775+28773]\n\t(No symbol) [0x00007FF6108FAFB0]\n\t(No symbol) [0x00007FF61079552A]\n\t(No symbol) [0x00007FF6107F0B5E]\n\t(No symbol) [0x00007FF6107EE5FC]\n\t(No symbol) [0x00007FF6107EB7E6]\n\t(No symbol) [0x00007FF6107EA741]\n\t(No symbol) [0x00007FF6107DC970]\n\t(No symbol) [0x00007FF61080EF9A]\n\t(No symbol) [0x00007FF6107DC1C6]\n\t(No symbol) [0x00007FF61080F1B0]\n\t(No symbol) [0x00007FF61082F1A4]\n\t(No symbol) [0x00007FF61080ED43]\n\t(No symbol) [0x00007FF6107DA548]\n\t(No symbol) [0x00007FF6107DB6B1]\n\tGetHandleVerifier [0x00007FF610CBF45D+3358029]\n\tGetHandleVerifier [0x00007FF610CD430D+3443709]\n\tGetHandleVerifier [0x00007FF610CC83FD+3394797]\n\tGetHandleVerifier [0x00007FF610A5929B+842635]\n\t(No symbol) [0x00007FF61090654F]\n\t(No symbol) [0x00007FF610901FA4]\n\t(No symbol) [0x00007FF61090213D]\n\t(No symbol) [0x00007FF6108F1629]\n\tBaseThreadInitThunk [0x00007FFDB85C7374+20]\n\tRtlUserThreadStart [0x00007FFDB8E1CC91+33]\n\n", "trace": "  File \"C:\\pythton\\Lib\\site-packages\\allure_commons\\_allure.py\", line 192, in impl\n    return func(*a, **kw)\n           ^^^^^^^^^^^^^^\n  File \"C:\\Users\\nadezhda.salina\\Desktop\\Diplom_3\\pages\\base_page.py\", line 36, in click_on_element_with_wait\n    self.click_on_element(locator)\n  File \"C:\\pythton\\Lib\\site-packages\\allure_commons\\_allure.py\", line 192, in impl\n    return func(*a, **kw)\n           ^^^^^^^^^^^^^^\n  File \"C:\\Users\\nadezhda.salina\\Desktop\\Diplom_3\\pages\\base_page.py\", line 31, in click_on_element\n    element.click()\n  File \"C:\\pythton\\Lib\\site-packages\\selenium\\webdriver\\remote\\webelement.py\", line 94, in click\n    self._execute(Command.CLICK_ELEMENT)\n  File \"C:\\pythton\\Lib\\site-packages\\selenium\\webdriver\\remote\\webelement.py\", line 395, in _execute\n    return self._parent.execute(command, params)\n           ^^^^^^^^^^^^^^^^^^^^^^^^^^^^^^^^^^^^^\n  File \"C:\\pythton\\Lib\\site-packages\\selenium\\webdriver\\remote\\webdriver.py\", line 354, in execute\n    self.error_handler.check_response(response)\n  File \"C:\\pythton\\Lib\\site-packages\\selenium\\webdriver\\remote\\errorhandler.py\", line 229, in check_response\n    raise exception_class(message, screen, stacktrace)\n"}, "steps": [{"name": "Click on element", "status": "broken", "statusDetails": {"message": "selenium.common.exceptions.ElementClickInterceptedException: Message: element click intercepted: Element <p class=\"AppHeader_header__linkText__3q_va ml-2\">...</p> is not clickable at point (1500, 44). Other element would receive the click: <div class=\"Modal_modal_overlay__x2ZCr\"></div>\n  (Session info: chrome=131.0.6778.86)\nStacktrace:\n\tGetHandleVerifier [0x00007FF610992775+28773]\n\t(No symbol) [0x00007FF6108FAFB0]\n\t(No symbol) [0x00007FF61079552A]\n\t(No symbol) [0x00007FF6107F0B5E]\n\t(No symbol) [0x00007FF6107EE5FC]\n\t(No symbol) [0x00007FF6107EB7E6]\n\t(No symbol) [0x00007FF6107EA741]\n\t(No symbol) [0x00007FF6107DC970]\n\t(No symbol) [0x00007FF61080EF9A]\n\t(No symbol) [0x00007FF6107DC1C6]\n\t(No symbol) [0x00007FF61080F1B0]\n\t(No symbol) [0x00007FF61082F1A4]\n\t(No symbol) [0x00007FF61080ED43]\n\t(No symbol) [0x00007FF6107DA548]\n\t(No symbol) [0x00007FF6107DB6B1]\n\tGetHandleVerifier [0x00007FF610CBF45D+3358029]\n\tGetHandleVerifier [0x00007FF610CD430D+3443709]\n\tGetHandleVerifier [0x00007FF610CC83FD+3394797]\n\tGetHandleVerifier [0x00007FF610A5929B+842635]\n\t(No symbol) [0x00007FF61090654F]\n\t(No symbol) [0x00007FF610901FA4]\n\t(No symbol) [0x00007FF61090213D]\n\t(No symbol) [0x00007FF6108F1629]\n\tBaseThreadInitThunk [0x00007FFDB85C7374+20]\n\tRtlUserThreadStart [0x00007FFDB8E1CC91+33]\n\n", "trace": "  File \"C:\\pythton\\Lib\\site-packages\\allure_commons\\_allure.py\", line 192, in impl\n    return func(*a, **kw)\n           ^^^^^^^^^^^^^^\n  File \"C:\\Users\\nadezhda.salina\\Desktop\\Diplom_3\\pages\\base_page.py\", line 31, in click_on_element\n    element.click()\n  File \"C:\\pythton\\Lib\\site-packages\\selenium\\webdriver\\remote\\webelement.py\", line 94, in click\n    self._execute(Command.CLICK_ELEMENT)\n  File \"C:\\pythton\\Lib\\site-packages\\selenium\\webdriver\\remote\\webelement.py\", line 395, in _execute\n    return self._parent.execute(command, params)\n           ^^^^^^^^^^^^^^^^^^^^^^^^^^^^^^^^^^^^^\n  File \"C:\\pythton\\Lib\\site-packages\\selenium\\webdriver\\remote\\webdriver.py\", line 354, in execute\n    self.error_handler.check_response(response)\n  File \"C:\\pythton\\Lib\\site-packages\\selenium\\webdriver\\remote\\errorhandler.py\", line 229, in check_response\n    raise exception_class(message, screen, stacktrace)\n"}, "steps": [{"name": "Finding element on page with waiting", "status": "passed", "parameters": [{"name": "locator", "value": "('xpath', \".//p[text()='Личный Кабинет']\")"}], "start": 1732851445300, "stop": 1732851445326}], "parameters": [{"name": "locator", "value": "('xpath', \".//p[text()='Личный Кабинет']\")"}], "start": 1732851445299, "stop": 1732851446408}], "parameters": [{"name": "locator", "value": "('xpath', \".//p[text()='Личный Кабинет']\")"}], "start": 1732851445274, "stop": 1732851446475}], "start": 1732851445257, "stop": 1732851446477}], "start": 1732851444667, "stop": 1732851446486}], "start": 1732851444667, "stop": 1732851446989}